<?xml version="1.0" encoding="UTF-8"?>
<testng-results ignored="0" total="3" passed="3" failed="0" skipped="0">
  <reporter-output>
  </reporter-output>
  <suite started-at="2025-05-28T17:53:52 IST" name="Suite" finished-at="2025-05-28T17:54:30 IST" duration-ms="37308">
    <groups>
    </groups>
    <test started-at="2025-05-28T17:53:52 IST" name="Test" finished-at="2025-05-28T17:54:30 IST" duration-ms="37308">
      <class name="kekaTestCases.TC_LoginPage">
        <test-method is-config="true" signature="initalizeDriver()[pri:0, instance:kekaTestCases.TC_LoginPage@6cd24612]" started-at="2025-05-28T17:53:52 IST" name="initalizeDriver" finished-at="2025-05-28T17:54:01 IST" duration-ms="8273" status="PASS">
          <reporter-output>
          </reporter-output>
        </test-method> <!-- initalizeDriver -->
        <test-method is-config="true" signature="objectCreate()[pri:0, instance:kekaTestCases.TC_LoginPage@6cd24612]" started-at="2025-05-28T17:54:01 IST" name="objectCreate" finished-at="2025-05-28T17:54:01 IST" duration-ms="69" status="PASS">
          <reporter-output>
          </reporter-output>
        </test-method> <!-- objectCreate -->
        <test-method signature="login()[pri:1, instance:kekaTestCases.TC_LoginPage@6cd24612]" started-at="2025-05-28T17:54:01 IST" name="login" finished-at="2025-05-28T17:54:11 IST" duration-ms="10465" status="PASS">
          <reporter-output>
          </reporter-output>
        </test-method> <!-- login -->
        <test-method is-config="true" signature="terminateDriver()[pri:0, instance:kekaTestCases.TC_LoginPage@6cd24612]" started-at="2025-05-28T17:54:29 IST" name="terminateDriver" finished-at="2025-05-28T17:54:30 IST" duration-ms="770" status="PASS">
          <reporter-output>
          </reporter-output>
        </test-method> <!-- terminateDriver -->
      </class> <!-- kekaTestCases.TC_LoginPage -->
      <class name="kekaTestCases.TC_Dashboard">
        <test-method is-config="true" signature="objectCreate()[pri:0, instance:kekaTestCases.TC_Dashboard@f68f0dc]" started-at="2025-05-28T17:54:11 IST" name="objectCreate" finished-at="2025-05-28T17:54:11 IST" duration-ms="0" status="PASS">
          <reporter-output>
          </reporter-output>
        </test-method> <!-- objectCreate -->
        <test-method signature="verifyDashboardButtons()[pri:2, instance:kekaTestCases.TC_Dashboard@f68f0dc]" started-at="2025-05-28T17:54:11 IST" name="verifyDashboardButtons" finished-at="2025-05-28T17:54:27 IST" duration-ms="15303" status="PASS">
          <reporter-output>
          </reporter-output>
        </test-method> <!-- verifyDashboardButtons -->
      </class> <!-- kekaTestCases.TC_Dashboard -->
      <class name="kekaTestCases.TC_Logout">
        <test-method is-config="true" signature="objectCreate()[pri:0, instance:kekaTestCases.TC_Logout@d2de489]" started-at="2025-05-28T17:54:27 IST" name="objectCreate" finished-at="2025-05-28T17:54:27 IST" duration-ms="5" status="PASS">
          <reporter-output>
          </reporter-output>
        </test-method> <!-- objectCreate -->
        <test-method signature="logout()[pri:2, instance:kekaTestCases.TC_Logout@d2de489]" started-at="2025-05-28T17:54:27 IST" name="logout" finished-at="2025-05-28T17:54:29 IST" duration-ms="2339" status="PASS">
          <reporter-output>
          </reporter-output>
        </test-method> <!-- logout -->
      </class> <!-- kekaTestCases.TC_Logout -->
    </test> <!-- Test -->
  </suite> <!-- Suite -->
</testng-results>
