<?xml version="1.0" encoding="UTF-8"?>
<testng-results ignored="0" total="2" passed="2" failed="0" skipped="0">
  <reporter-output>
  </reporter-output>
  <suite started-at="2025-05-15T12:16:04 IST" name="Suite" finished-at="2025-05-15T12:16:25 IST" duration-ms="21257">
    <groups>
    </groups>
    <test started-at="2025-05-15T12:16:04 IST" name="Test" finished-at="2025-05-15T12:16:25 IST" duration-ms="21257">
      <class name="kekaTestCases.TC_LoginPage">
        <test-method is-config="true" signature="initalizeDriver()[pri:0, instance:kekaTestCases.TC_LoginPage@14dd7b39]" started-at="2025-05-15T12:16:04 IST" name="initalizeDriver" finished-at="2025-05-15T12:16:11 IST" duration-ms="7483" status="PASS">
          <reporter-output>
          </reporter-output>
        </test-method> <!-- initalizeDriver -->
        <test-method is-config="true" signature="objectCreate()[pri:0, instance:kekaTestCases.TC_LoginPage@14dd7b39]" started-at="2025-05-15T12:16:11 IST" name="objectCreate" finished-at="2025-05-15T12:16:11 IST" duration-ms="33" status="PASS">
          <reporter-output>
          </reporter-output>
        </test-method> <!-- objectCreate -->
        <test-method signature="login()[pri:1, instance:kekaTestCases.TC_LoginPage@14dd7b39]" started-at="2025-05-15T12:16:11 IST" name="login" finished-at="2025-05-15T12:16:15 IST" duration-ms="3388" status="PASS">
          <reporter-output>
          </reporter-output>
        </test-method> <!-- login -->
        <test-method is-config="true" signature="terminateDriver()[pri:0, instance:kekaTestCases.TC_LoginPage@14dd7b39]" started-at="2025-05-15T12:16:25 IST" name="terminateDriver" finished-at="2025-05-15T12:16:25 IST" duration-ms="451" status="PASS">
          <reporter-output>
          </reporter-output>
        </test-method> <!-- terminateDriver -->
      </class> <!-- kekaTestCases.TC_LoginPage -->
      <class name="kekaTestCases.TC_Logout">
        <test-method is-config="true" signature="objectCreate()[pri:0, instance:kekaTestCases.TC_Logout@51891008]" started-at="2025-05-15T12:16:15 IST" name="objectCreate" finished-at="2025-05-15T12:16:15 IST" duration-ms="0" status="PASS">
          <reporter-output>
          </reporter-output>
        </test-method> <!-- objectCreate -->
        <test-method signature="logout()[pri:2, instance:kekaTestCases.TC_Logout@51891008]" started-at="2025-05-15T12:16:15 IST" name="logout" finished-at="2025-05-15T12:16:25 IST" duration-ms="9837" status="PASS">
          <reporter-output>
          </reporter-output>
        </test-method> <!-- logout -->
      </class> <!-- kekaTestCases.TC_Logout -->
    </test> <!-- Test -->
  </suite> <!-- Suite -->
</testng-results>
