<?xml version="1.0" encoding="UTF-8"?>
<!-- Generated by org.testng.reporters.JUnitXMLReporter -->
<testsuite ignored="4" hostname="LAPTOP-SS1OLLQJ" failures="0" tests="2" name="Default test" time="14.121" errors="0" timestamp="2025-05-15T10:38:16 IST">
  <testcase classname="kekaTestCases.TC_LoginPage" name="login" time="3.625"/>
  <testcase classname="kekaTestCases.TC_Logout" name="logout" time="3.618"/>
  <testcase classname="kekaResources.KekaBase" name="@BeforeTest initalizeDriver" time="0.0">
    <ignored/>
  </testcase> <!-- @BeforeTest initalizeDriver -->
  <testcase classname="kekaResources.KekaBase" name="@AfterTest terminateDriver" time="0.0">
    <ignored/>
  </testcase> <!-- @AfterTest terminateDriver -->
  <testcase classname="kekaResources.KekaBase" name="@AfterTest terminateDriver" time="0.0">
    <ignored/>
  </testcase> <!-- @AfterTest terminateDriver -->
  <testcase classname="kekaResources.KekaBase" name="@BeforeTest initalizeDriver" time="0.0">
    <ignored/>
  </testcase> <!-- @BeforeTest initalizeDriver -->
</testsuite> <!-- Default test -->
