<?xml version="1.0" encoding="UTF-8"?>
<!-- Generated by org.testng.reporters.JUnitXMLReporter -->
<testsuite ignored="2" hostname="LAPTOP-SS1OLLQJ" failures="0" tests="2" name="Test" time="21.257" errors="0" timestamp="2025-05-15T12:16:26 IST">
  <testcase classname="kekaTestCases.TC_LoginPage" name="login" time="3.388"/>
  <testcase classname="kekaTestCases.TC_Logout" name="logout" time="9.837"/>
  <testcase classname="kekaResources.KekaBase" name="@AfterTest terminateDriver" time="0.0">
    <ignored/>
  </testcase> <!-- @AfterTest terminateDriver -->
  <testcase classname="kekaResources.KekaBase" name="@BeforeTest initalizeDriver" time="0.0">
    <ignored/>
  </testcase> <!-- @BeforeTest initalizeDriver -->
</testsuite> <!-- Test -->
