<?xml version="1.0" encoding="UTF-8"?>
<!-- Generated by org.testng.reporters.JUnitXMLReporter -->
<testsuite ignored="4" hostname="LAPTOP-SS1OLLQJ" failures="0" tests="3" name="Test" time="37.308" errors="0" timestamp="2025-05-28T17:54:31 IST">
  <testcase classname="kekaTestCases.TC_LoginPage" name="login" time="10.465"/>
  <testcase classname="kekaTestCases.TC_Dashboard" name="verifyDashboardButtons" time="15.303"/>
  <testcase classname="kekaTestCases.TC_Logout" name="logout" time="2.339"/>
  <testcase classname="kekaResources.KekaBase" name="@BeforeTest initalizeDriver" time="0.0">
    <ignored/>
  </testcase> <!-- @BeforeTest initalizeDriver -->
  <testcase classname="kekaResources.KekaBase" name="@AfterTest terminateDriver" time="0.0">
    <ignored/>
  </testcase> <!-- @AfterTest terminateDriver -->
  <testcase classname="kekaResources.KekaBase" name="@AfterTest terminateDriver" time="0.0">
    <ignored/>
  </testcase> <!-- @AfterTest terminateDriver -->
  <testcase classname="kekaResources.KekaBase" name="@BeforeTest initalizeDriver" time="0.0">
    <ignored/>
  </testcase> <!-- @BeforeTest initalizeDriver -->
</testsuite> <!-- Test -->
